<?xml version="1.0" encoding="UTF-8"?>
<!-- Generated by org.testng.reporters.JUnitReportReporter -->
<testsuite hostname="DESKTOP-FJ7H3QO" failures="0" tests="1" name="com.xalts.testCases.signUpPage_Test" time="6.366" errors="0" timestamp="2025-01-14T17:14:05 IST" skipped="0">
  <testcase classname="com.xalts.testCases.signUpPage_Test" name="Test" time="6.366"/>
</testsuite> <!-- com.xalts.testCases.signUpPage_Test -->
