<?xml version="1.0" encoding="UTF-8"?>
<!-- Generated by org.testng.reporters.JUnitReportReporter -->
<testsuite hostname="DESKTOP-FJ7H3QO" failures="0" tests="1" name="com.xalts.testCases.signInPage_Test" time="5.484" errors="0" timestamp="2025-01-14T16:54:54 IST" skipped="0">
  <testcase classname="com.xalts.testCases.signInPage_Test" name="Test" time="5.484"/>
</testsuite> <!-- com.xalts.testCases.signInPage_Test -->
